Using pre-set license
Built from '2020.3/staging' branch; Version is '2020.3.8f1 (507919d4fff5) revision 5273881'; Using compiler version '192528614'; Build Type 'Release'
OS: 'Windows 10 Home Single Language; OS build 19041.1052; Version 2004; 64bit' Language: 'en' Physical Memory: 16335 MB
BatchMode: 1, IsHumanControllingUs: 0, StartBugReporterOnCrash: 0, Is64bit: 1, IsPro: 0

 COMMAND LINE ARGUMENTS:
C:\Program Files\Unity\Hub\Editor\2020.3.8f1\Editor\Unity.exe
-adb2
-batchMode
-noUpm
-name
AssetImportWorker0
-projectPath
D:/Github/TEO-GB/TEO-GB
-logFile
Logs/AssetImportWorker0.log
-srvPort
52690
Successfully changed project path to: D:/Github/TEO-GB/TEO-GB
D:/Github/TEO-GB/TEO-GB
Using Asset Import Pipeline V2.
Refreshing native plugins compatible for Editor in 21.80 ms, found 0 plugins.
Preloading 0 native plugins for Editor in 0.00 ms.
Initialize engine version: 2020.3.8f1 (507919d4fff5)
[Subsystems] Discovering subsystems at path C:/Program Files/Unity/Hub/Editor/2020.3.8f1/Editor/Data/Resources/UnitySubsystems
[Subsystems] Discovering subsystems at path D:/Github/TEO-GB/TEO-GB/Assets
GfxDevice: creating device client; threaded=0
Direct3D:
    Version:  Direct3D 11.0 [level 11.1]
    Renderer: NVIDIA GeForce GTX 1050 (ID=0x1c81)
    Vendor:   
    VRAM:     1977 MB
    Driver:   30.0.14.7111
Initialize mono
Mono path[0] = 'C:/Program Files/Unity/Hub/Editor/2020.3.8f1/Editor/Data/Managed'
Mono path[1] = 'C:/Program Files/Unity/Hub/Editor/2020.3.8f1/Editor/Data/MonoBleedingEdge/lib/mono/unityjit'
Mono config path = 'C:/Program Files/Unity/Hub/Editor/2020.3.8f1/Editor/Data/MonoBleedingEdge/etc'
Using monoOptions --debugger-agent=transport=dt_socket,embedding=1,server=y,suspend=n,address=127.0.0.1:56152
Begin MonoManager ReloadAssembly
Registering precompiled unity dll's ...
Register platform support module: C:/Program Files/Unity/Hub/Editor/2020.3.8f1/Editor/Data/PlaybackEngines/WindowsStandaloneSupport/UnityEditor.WindowsStandalone.Extensions.dll
Registered in 0.001883 seconds.
Native extension for WindowsStandalone target not found
Refreshing native plugins compatible for Editor in 25.84 ms, found 0 plugins.
Preloading 0 native plugins for Editor in 0.00 ms.
Mono: successfully reloaded assembly
- Completed reload, in  2.296 seconds
Platform modules already initialized, skipping
Registering precompiled user dll's ...
Registered in 0.000959 seconds.
Begin MonoManager ReloadAssembly
Native extension for WindowsStandalone target not found
Refreshing native plugins compatible for Editor in 0.25 ms, found 0 plugins.
Preloading 0 native plugins for Editor in 0.00 ms.
Mono: successfully reloaded assembly
- Completed reload, in  1.020 seconds
Platform modules already initialized, skipping
========================================================================
Worker process is ready to serve import requests
Launched and connected shader compiler UnityShaderCompiler.exe after 0.05 seconds
Refreshing native plugins compatible for Editor in 0.33 ms, found 0 plugins.
Preloading 0 native plugins for Editor in 0.00 ms.
Unloading 1121 Unused Serialized files (Serialized files now loaded: 0)
System memory in use before: 57.5 MB.
System memory in use after: 57.6 MB.

Unloading 10 unused Assets to reduce memory usage. Loaded Objects now: 1565.
Total: 1.992000 ms (FindLiveObjects: 0.172300 ms CreateObjectMapping: 0.089500 ms MarkObjects: 1.645400 ms  DeleteObjects: 0.083700 ms)

========================================================================
Received Import Request.
  path: Assets/Tessellation/PointPlotter.cs
  artifactKey: Guid(4cfafe568f019834eb1b16716b6e6611) Importer(815301076,1909f56bfc062723c751e8b465ee728b)
Start importing Assets/Tessellation/PointPlotter.cs using Guid(4cfafe568f019834eb1b16716b6e6611) Importer(815301076,1909f56bfc062723c751e8b465ee728b)  -> (artifact id: '044190579e79adf2136c186412cfef53') in 0.040040 seconds
  Import took 0.042234 seconds .

========================================================================
Received Prepare
Registering precompiled user dll's ...
Registered in 0.000895 seconds.
Begin MonoManager ReloadAssembly
Native extension for WindowsStandalone target not found
Refreshing native plugins compatible for Editor in 0.23 ms, found 0 plugins.
Preloading 0 native plugins for Editor in 0.00 ms.
Mono: successfully reloaded assembly
- Completed reload, in  1.022 seconds
Platform modules already initialized, skipping
Refreshing native plugins compatible for Editor in 0.59 ms, found 0 plugins.
Preloading 0 native plugins for Editor in 0.00 ms.
Unloading 1116 Unused Serialized files (Serialized files now loaded: 0)
System memory in use before: 57.4 MB.
System memory in use after: 57.5 MB.

Unloading 5 unused Assets to reduce memory usage. Loaded Objects now: 1568.
Total: 5.349600 ms (FindLiveObjects: 0.425300 ms CreateObjectMapping: 0.135300 ms MarkObjects: 4.607100 ms  DeleteObjects: 0.178200 ms)

========================================================================
Received Prepare
Registering precompiled user dll's ...
Registered in 0.000670 seconds.
Begin MonoManager ReloadAssembly
Native extension for WindowsStandalone target not found
Refreshing native plugins compatible for Editor in 0.23 ms, found 0 plugins.
Preloading 0 native plugins for Editor in 0.00 ms.
Mono: successfully reloaded assembly
- Completed reload, in  0.873 seconds
Platform modules already initialized, skipping
Refreshing native plugins compatible for Editor in 0.25 ms, found 0 plugins.
Preloading 0 native plugins for Editor in 0.00 ms.
Unloading 1116 Unused Serialized files (Serialized files now loaded: 0)
System memory in use before: 57.5 MB.
System memory in use after: 57.5 MB.

Unloading 5 unused Assets to reduce memory usage. Loaded Objects now: 1571.
Total: 1.905100 ms (FindLiveObjects: 0.183500 ms CreateObjectMapping: 0.064300 ms MarkObjects: 1.534400 ms  DeleteObjects: 0.121600 ms)

========================================================================
Received Prepare
Registering precompiled user dll's ...
Registered in 0.000801 seconds.
Begin MonoManager ReloadAssembly
Native extension for WindowsStandalone target not found
Refreshing native plugins compatible for Editor in 0.37 ms, found 0 plugins.
Preloading 0 native plugins for Editor in 0.00 ms.
Mono: successfully reloaded assembly
- Completed reload, in  0.969 seconds
Platform modules already initialized, skipping
Refreshing native plugins compatible for Editor in 0.23 ms, found 0 plugins.
Preloading 0 native plugins for Editor in 0.00 ms.
Unloading 1116 Unused Serialized files (Serialized files now loaded: 0)
System memory in use before: 57.5 MB.
System memory in use after: 57.5 MB.

Unloading 5 unused Assets to reduce memory usage. Loaded Objects now: 1574.
Total: 1.625600 ms (FindLiveObjects: 0.118500 ms CreateObjectMapping: 0.036500 ms MarkObjects: 1.362200 ms  DeleteObjects: 0.107600 ms)

========================================================================
Received Prepare
Registering precompiled user dll's ...
Registered in 0.000645 seconds.
Begin MonoManager ReloadAssembly
Native extension for WindowsStandalone target not found
Refreshing native plugins compatible for Editor in 0.28 ms, found 0 plugins.
Preloading 0 native plugins for Editor in 0.00 ms.
Mono: successfully reloaded assembly
- Completed reload, in  0.941 seconds
Platform modules already initialized, skipping
Refreshing native plugins compatible for Editor in 0.26 ms, found 0 plugins.
Preloading 0 native plugins for Editor in 0.00 ms.
Unloading 1116 Unused Serialized files (Serialized files now loaded: 0)
System memory in use before: 57.5 MB.
System memory in use after: 57.6 MB.

Unloading 5 unused Assets to reduce memory usage. Loaded Objects now: 1577.
Total: 1.924800 ms (FindLiveObjects: 0.144100 ms CreateObjectMapping: 0.065200 ms MarkObjects: 1.608700 ms  DeleteObjects: 0.105800 ms)

========================================================================
Received Prepare
Registering precompiled user dll's ...
Registered in 0.000643 seconds.
Begin MonoManager ReloadAssembly
Native extension for WindowsStandalone target not found
Refreshing native plugins compatible for Editor in 0.23 ms, found 0 plugins.
Preloading 0 native plugins for Editor in 0.00 ms.
Mono: successfully reloaded assembly
- Completed reload, in  1.005 seconds
Platform modules already initialized, skipping
Refreshing native plugins compatible for Editor in 0.24 ms, found 0 plugins.
Preloading 0 native plugins for Editor in 0.00 ms.
Unloading 1116 Unused Serialized files (Serialized files now loaded: 0)
System memory in use before: 57.5 MB.
System memory in use after: 57.6 MB.

Unloading 5 unused Assets to reduce memory usage. Loaded Objects now: 1580.
Total: 1.949300 ms (FindLiveObjects: 0.216400 ms CreateObjectMapping: 0.108900 ms MarkObjects: 1.518000 ms  DeleteObjects: 0.105000 ms)

========================================================================
Received Prepare
Registering precompiled user dll's ...
Registered in 0.000628 seconds.
Begin MonoManager ReloadAssembly
Native extension for WindowsStandalone target not found
Refreshing native plugins compatible for Editor in 0.29 ms, found 0 plugins.
Preloading 0 native plugins for Editor in 0.00 ms.
Mono: successfully reloaded assembly
- Completed reload, in  0.966 seconds
Platform modules already initialized, skipping
Refreshing native plugins compatible for Editor in 0.25 ms, found 0 plugins.
Preloading 0 native plugins for Editor in 0.00 ms.
Unloading 1116 Unused Serialized files (Serialized files now loaded: 0)
System memory in use before: 57.5 MB.
System memory in use after: 57.6 MB.

Unloading 5 unused Assets to reduce memory usage. Loaded Objects now: 1583.
Total: 1.831700 ms (FindLiveObjects: 0.153900 ms CreateObjectMapping: 0.079300 ms MarkObjects: 1.546400 ms  DeleteObjects: 0.051100 ms)

========================================================================
Received Prepare
Registering precompiled user dll's ...
Registered in 0.000672 seconds.
Begin MonoManager ReloadAssembly
Native extension for WindowsStandalone target not found
Refreshing native plugins compatible for Editor in 0.28 ms, found 0 plugins.
Preloading 0 native plugins for Editor in 0.00 ms.
Mono: successfully reloaded assembly
- Completed reload, in  0.913 seconds
Platform modules already initialized, skipping
Refreshing native plugins compatible for Editor in 0.23 ms, found 0 plugins.
Preloading 0 native plugins for Editor in 0.00 ms.
Unloading 1116 Unused Serialized files (Serialized files now loaded: 0)
System memory in use before: 57.5 MB.
System memory in use after: 57.6 MB.

Unloading 5 unused Assets to reduce memory usage. Loaded Objects now: 1586.
Total: 1.732400 ms (FindLiveObjects: 0.164200 ms CreateObjectMapping: 0.109600 ms MarkObjects: 1.411700 ms  DeleteObjects: 0.046100 ms)

========================================================================
Received Prepare
Registering precompiled user dll's ...
Registered in 0.000622 seconds.
Begin MonoManager ReloadAssembly
Native extension for WindowsStandalone target not found
Refreshing native plugins compatible for Editor in 0.30 ms, found 0 plugins.
Preloading 0 native plugins for Editor in 0.00 ms.
Mono: successfully reloaded assembly
- Completed reload, in  0.877 seconds
Platform modules already initialized, skipping
Refreshing native plugins compatible for Editor in 0.23 ms, found 0 plugins.
Preloading 0 native plugins for Editor in 0.00 ms.
Unloading 1116 Unused Serialized files (Serialized files now loaded: 0)
System memory in use before: 57.5 MB.
System memory in use after: 57.6 MB.

Unloading 5 unused Assets to reduce memory usage. Loaded Objects now: 1589.
Total: 1.798600 ms (FindLiveObjects: 0.127300 ms CreateObjectMapping: 0.064400 ms MarkObjects: 1.530100 ms  DeleteObjects: 0.075900 ms)

========================================================================
Received Prepare
Registering precompiled user dll's ...
Registered in 0.000635 seconds.
Begin MonoManager ReloadAssembly
Native extension for WindowsStandalone target not found
Refreshing native plugins compatible for Editor in 0.25 ms, found 0 plugins.
Preloading 0 native plugins for Editor in 0.00 ms.
Mono: successfully reloaded assembly
- Completed reload, in  0.902 seconds
Platform modules already initialized, skipping
Refreshing native plugins compatible for Editor in 0.22 ms, found 0 plugins.
Preloading 0 native plugins for Editor in 0.00 ms.
Unloading 1116 Unused Serialized files (Serialized files now loaded: 0)
System memory in use before: 57.5 MB.
System memory in use after: 57.6 MB.

Unloading 5 unused Assets to reduce memory usage. Loaded Objects now: 1592.
Total: 1.959700 ms (FindLiveObjects: 0.192000 ms CreateObjectMapping: 0.039200 ms MarkObjects: 1.656000 ms  DeleteObjects: 0.071500 ms)

========================================================================
Received Prepare
Registering precompiled user dll's ...
Registered in 0.000772 seconds.
Begin MonoManager ReloadAssembly
Native extension for WindowsStandalone target not found
Refreshing native plugins compatible for Editor in 0.25 ms, found 0 plugins.
Preloading 0 native plugins for Editor in 0.00 ms.
Mono: successfully reloaded assembly
- Completed reload, in  0.968 seconds
Platform modules already initialized, skipping
Refreshing native plugins compatible for Editor in 0.25 ms, found 0 plugins.
Preloading 0 native plugins for Editor in 0.00 ms.
Unloading 1116 Unused Serialized files (Serialized files now loaded: 0)
System memory in use before: 57.5 MB.
System memory in use after: 57.6 MB.

Unloading 5 unused Assets to reduce memory usage. Loaded Objects now: 1595.
Total: 1.562400 ms (FindLiveObjects: 0.120500 ms CreateObjectMapping: 0.035700 ms MarkObjects: 1.329400 ms  DeleteObjects: 0.075900 ms)

========================================================================
Received Prepare
Registering precompiled user dll's ...
Registered in 0.000719 seconds.
Begin MonoManager ReloadAssembly
Native extension for WindowsStandalone target not found
Refreshing native plugins compatible for Editor in 0.36 ms, found 0 plugins.
Preloading 0 native plugins for Editor in 0.00 ms.
Mono: successfully reloaded assembly
- Completed reload, in  1.067 seconds
Platform modules already initialized, skipping
Refreshing native plugins compatible for Editor in 0.24 ms, found 0 plugins.
Preloading 0 native plugins for Editor in 0.00 ms.
Unloading 1116 Unused Serialized files (Serialized files now loaded: 0)
System memory in use before: 57.5 MB.
System memory in use after: 57.6 MB.

Unloading 5 unused Assets to reduce memory usage. Loaded Objects now: 1598.
Total: 2.319700 ms (FindLiveObjects: 0.199000 ms CreateObjectMapping: 0.083400 ms MarkObjects: 1.930600 ms  DeleteObjects: 0.105100 ms)

========================================================================
Received Prepare
Registering precompiled user dll's ...
Registered in 0.000740 seconds.
Begin MonoManager ReloadAssembly
Native extension for WindowsStandalone target not found
Refreshing native plugins compatible for Editor in 0.29 ms, found 0 plugins.
Preloading 0 native plugins for Editor in 0.00 ms.
Mono: successfully reloaded assembly
- Completed reload, in  0.876 seconds
Platform modules already initialized, skipping
Refreshing native plugins compatible for Editor in 0.24 ms, found 0 plugins.
Preloading 0 native plugins for Editor in 0.00 ms.
Unloading 1116 Unused Serialized files (Serialized files now loaded: 0)
System memory in use before: 57.5 MB.
System memory in use after: 57.6 MB.

Unloading 5 unused Assets to reduce memory usage. Loaded Objects now: 1601.
Total: 2.012900 ms (FindLiveObjects: 0.146400 ms CreateObjectMapping: 0.063500 ms MarkObjects: 1.704000 ms  DeleteObjects: 0.098100 ms)

========================================================================
Received Prepare
Registering precompiled user dll's ...
Registered in 0.000713 seconds.
Begin MonoManager ReloadAssembly
Native extension for WindowsStandalone target not found
Refreshing native plugins compatible for Editor in 0.25 ms, found 0 plugins.
Preloading 0 native plugins for Editor in 0.00 ms.
Mono: successfully reloaded assembly
- Completed reload, in  0.969 seconds
Platform modules already initialized, skipping
Refreshing native plugins compatible for Editor in 0.25 ms, found 0 plugins.
Preloading 0 native plugins for Editor in 0.00 ms.
Unloading 1116 Unused Serialized files (Serialized files now loaded: 0)
System memory in use before: 57.5 MB.
System memory in use after: 57.6 MB.

Unloading 5 unused Assets to reduce memory usage. Loaded Objects now: 1604.
Total: 2.153100 ms (FindLiveObjects: 0.242000 ms CreateObjectMapping: 0.293600 ms MarkObjects: 1.569000 ms  DeleteObjects: 0.047400 ms)

========================================================================
Received Prepare
Registering precompiled user dll's ...
Registered in 0.000666 seconds.
Begin MonoManager ReloadAssembly
Native extension for WindowsStandalone target not found
Refreshing native plugins compatible for Editor in 0.22 ms, found 0 plugins.
Preloading 0 native plugins for Editor in 0.00 ms.
Mono: successfully reloaded assembly
- Completed reload, in  0.871 seconds
Platform modules already initialized, skipping
Refreshing native plugins compatible for Editor in 0.25 ms, found 0 plugins.
Preloading 0 native plugins for Editor in 0.00 ms.
Unloading 1116 Unused Serialized files (Serialized files now loaded: 0)
System memory in use before: 57.5 MB.
System memory in use after: 57.6 MB.

Unloading 5 unused Assets to reduce memory usage. Loaded Objects now: 1607.
Total: 2.452300 ms (FindLiveObjects: 0.189000 ms CreateObjectMapping: 0.084300 ms MarkObjects: 2.106200 ms  DeleteObjects: 0.071600 ms)

========================================================================
Received Prepare
Registering precompiled user dll's ...
Registered in 0.000692 seconds.
Begin MonoManager ReloadAssembly
Native extension for WindowsStandalone target not found
Refreshing native plugins compatible for Editor in 0.22 ms, found 0 plugins.
Preloading 0 native plugins for Editor in 0.00 ms.
Mono: successfully reloaded assembly
- Completed reload, in  0.935 seconds
Platform modules already initialized, skipping
Refreshing native plugins compatible for Editor in 0.25 ms, found 0 plugins.
Preloading 0 native plugins for Editor in 0.00 ms.
Unloading 1116 Unused Serialized files (Serialized files now loaded: 0)
System memory in use before: 57.5 MB.
System memory in use after: 57.6 MB.

Unloading 5 unused Assets to reduce memory usage. Loaded Objects now: 1610.
Total: 1.746900 ms (FindLiveObjects: 0.110300 ms CreateObjectMapping: 0.038500 ms MarkObjects: 1.520000 ms  DeleteObjects: 0.077300 ms)

========================================================================
Received Prepare
Registering precompiled user dll's ...
Registered in 0.000807 seconds.
Begin MonoManager ReloadAssembly
Native extension for WindowsStandalone target not found
Refreshing native plugins compatible for Editor in 0.23 ms, found 0 plugins.
Preloading 0 native plugins for Editor in 0.00 ms.
Mono: successfully reloaded assembly
- Completed reload, in  0.895 seconds
Platform modules already initialized, skipping
Refreshing native plugins compatible for Editor in 0.23 ms, found 0 plugins.
Preloading 0 native plugins for Editor in 0.00 ms.
Unloading 1116 Unused Serialized files (Serialized files now loaded: 0)
System memory in use before: 57.6 MB.
System memory in use after: 57.6 MB.

Unloading 5 unused Assets to reduce memory usage. Loaded Objects now: 1613.
Total: 1.943300 ms (FindLiveObjects: 0.143400 ms CreateObjectMapping: 0.066200 ms MarkObjects: 1.658700 ms  DeleteObjects: 0.073900 ms)

========================================================================
Received Prepare
Registering precompiled user dll's ...
Registered in 0.000652 seconds.
Begin MonoManager ReloadAssembly
Native extension for WindowsStandalone target not found
Refreshing native plugins compatible for Editor in 0.23 ms, found 0 plugins.
Preloading 0 native plugins for Editor in 0.00 ms.
Mono: successfully reloaded assembly
- Completed reload, in  0.837 seconds
Platform modules already initialized, skipping
Refreshing native plugins compatible for Editor in 0.24 ms, found 0 plugins.
Preloading 0 native plugins for Editor in 0.00 ms.
Unloading 1116 Unused Serialized files (Serialized files now loaded: 0)
System memory in use before: 57.6 MB.
System memory in use after: 57.6 MB.

Unloading 5 unused Assets to reduce memory usage. Loaded Objects now: 1616.
Total: 1.927000 ms (FindLiveObjects: 0.138300 ms CreateObjectMapping: 0.063500 ms MarkObjects: 1.679400 ms  DeleteObjects: 0.045000 ms)

========================================================================
Received Prepare
Registering precompiled user dll's ...
Registered in 0.000928 seconds.
Begin MonoManager ReloadAssembly
Native extension for WindowsStandalone target not found
Refreshing native plugins compatible for Editor in 0.22 ms, found 0 plugins.
Preloading 0 native plugins for Editor in 0.00 ms.
Mono: successfully reloaded assembly
- Completed reload, in  0.892 seconds
Platform modules already initialized, skipping
Refreshing native plugins compatible for Editor in 0.24 ms, found 0 plugins.
Preloading 0 native plugins for Editor in 0.00 ms.
Unloading 1116 Unused Serialized files (Serialized files now loaded: 0)
System memory in use before: 57.6 MB.
System memory in use after: 57.6 MB.

Unloading 5 unused Assets to reduce memory usage. Loaded Objects now: 1619.
Total: 1.864400 ms (FindLiveObjects: 0.127300 ms CreateObjectMapping: 0.059200 ms MarkObjects: 1.603100 ms  DeleteObjects: 0.073800 ms)

========================================================================
Received Prepare
Registering precompiled user dll's ...
Registered in 0.000716 seconds.
Begin MonoManager ReloadAssembly
Native extension for WindowsStandalone target not found
Refreshing native plugins compatible for Editor in 0.23 ms, found 0 plugins.
Preloading 0 native plugins for Editor in 0.00 ms.
Mono: successfully reloaded assembly
- Completed reload, in  0.844 seconds
Platform modules already initialized, skipping
Refreshing native plugins compatible for Editor in 0.26 ms, found 0 plugins.
Preloading 0 native plugins for Editor in 0.00 ms.
Unloading 1116 Unused Serialized files (Serialized files now loaded: 0)
System memory in use before: 57.6 MB.
System memory in use after: 57.6 MB.

Unloading 5 unused Assets to reduce memory usage. Loaded Objects now: 1622.
Total: 1.890300 ms (FindLiveObjects: 0.162100 ms CreateObjectMapping: 0.066700 ms MarkObjects: 1.584500 ms  DeleteObjects: 0.076100 ms)

========================================================================
Received Prepare
Registering precompiled user dll's ...
Registered in 0.000662 seconds.
Begin MonoManager ReloadAssembly
Native extension for WindowsStandalone target not found
Refreshing native plugins compatible for Editor in 0.36 ms, found 0 plugins.
Preloading 0 native plugins for Editor in 0.00 ms.
Mono: successfully reloaded assembly
- Completed reload, in  0.844 seconds
Platform modules already initialized, skipping
Refreshing native plugins compatible for Editor in 0.24 ms, found 0 plugins.
Preloading 0 native plugins for Editor in 0.00 ms.
Unloading 1116 Unused Serialized files (Serialized files now loaded: 0)
System memory in use before: 57.6 MB.
System memory in use after: 57.6 MB.

Unloading 5 unused Assets to reduce memory usage. Loaded Objects now: 1625.
Total: 1.876000 ms (FindLiveObjects: 0.192400 ms CreateObjectMapping: 0.081900 ms MarkObjects: 1.525200 ms  DeleteObjects: 0.075700 ms)

========================================================================
Received Prepare
Registering precompiled user dll's ...
Registered in 0.000600 seconds.
Begin MonoManager ReloadAssembly
Native extension for WindowsStandalone target not found
Refreshing native plugins compatible for Editor in 0.23 ms, found 0 plugins.
Preloading 0 native plugins for Editor in 0.00 ms.
Mono: successfully reloaded assembly
- Completed reload, in  0.918 seconds
Platform modules already initialized, skipping
Refreshing native plugins compatible for Editor in 0.37 ms, found 0 plugins.
Preloading 0 native plugins for Editor in 0.00 ms.
Unloading 1117 Unused Serialized files (Serialized files now loaded: 0)
System memory in use before: 57.6 MB.
System memory in use after: 57.7 MB.

Unloading 5 unused Assets to reduce memory usage. Loaded Objects now: 1629.
Total: 1.731900 ms (FindLiveObjects: 0.195700 ms CreateObjectMapping: 0.055700 ms MarkObjects: 1.422100 ms  DeleteObjects: 0.057200 ms)

========================================================================
Received Import Request.
  Time since last request: 17256.023843 seconds.
  path: Assets/Tessellation/Point.cs
  artifactKey: Guid(7c03e5bdd0503744897301c715cb7d13) Importer(815301076,1909f56bfc062723c751e8b465ee728b)
Start importing Assets/Tessellation/Point.cs using Guid(7c03e5bdd0503744897301c715cb7d13) Importer(815301076,1909f56bfc062723c751e8b465ee728b)  -> (artifact id: '87095f975ad2b11bd9553da8a4d5be8f') in 0.012584 seconds
  Import took 0.015658 seconds .

========================================================================
Received Prepare
Registering precompiled user dll's ...
Registered in 0.000640 seconds.
Begin MonoManager ReloadAssembly
Native extension for WindowsStandalone target not found
Refreshing native plugins compatible for Editor in 0.23 ms, found 0 plugins.
Preloading 0 native plugins for Editor in 0.00 ms.
Mono: successfully reloaded assembly
- Completed reload, in  0.893 seconds
Platform modules already initialized, skipping
Refreshing native plugins compatible for Editor in 0.24 ms, found 0 plugins.
Preloading 0 native plugins for Editor in 0.00 ms.
Unloading 1117 Unused Serialized files (Serialized files now loaded: 0)
System memory in use before: 57.6 MB.
System memory in use after: 57.7 MB.

Unloading 5 unused Assets to reduce memory usage. Loaded Objects now: 1632.
Total: 2.248000 ms (FindLiveObjects: 0.354200 ms CreateObjectMapping: 0.143400 ms MarkObjects: 1.686900 ms  DeleteObjects: 0.062400 ms)

========================================================================
Received Prepare
Registering precompiled user dll's ...
Registered in 0.000980 seconds.
Begin MonoManager ReloadAssembly
Native extension for WindowsStandalone target not found
Refreshing native plugins compatible for Editor in 0.22 ms, found 0 plugins.
Preloading 0 native plugins for Editor in 0.00 ms.
Mono: successfully reloaded assembly
- Completed reload, in  0.852 seconds
Platform modules already initialized, skipping
Refreshing native plugins compatible for Editor in 0.23 ms, found 0 plugins.
Preloading 0 native plugins for Editor in 0.00 ms.
Unloading 1117 Unused Serialized files (Serialized files now loaded: 0)
System memory in use before: 57.6 MB.
System memory in use after: 57.7 MB.

Unloading 5 unused Assets to reduce memory usage. Loaded Objects now: 1635.
Total: 1.842700 ms (FindLiveObjects: 0.148100 ms CreateObjectMapping: 0.064000 ms MarkObjects: 1.549300 ms  DeleteObjects: 0.080800 ms)

========================================================================
Received Import Request.
  Time since last request: 70.549071 seconds.
  path: Assets/Tessellation/Point.cs
  artifactKey: Guid(7c03e5bdd0503744897301c715cb7d13) Importer(815301076,1909f56bfc062723c751e8b465ee728b)
Start importing Assets/Tessellation/Point.cs using Guid(7c03e5bdd0503744897301c715cb7d13) Importer(815301076,1909f56bfc062723c751e8b465ee728b)  -> (artifact id: '044fff4d87586e2fc5b25154404be9cc') in 0.005238 seconds
  Import took 0.007030 seconds .

========================================================================
Received Import Request.
  Time since last request: 18.635268 seconds.
  path: Assets/Tessellation/Point.prefab
  artifactKey: Guid(f7290beb2d391b149a88714f8cc7766b) Importer(815301076,1909f56bfc062723c751e8b465ee728b)
Start importing Assets/Tessellation/Point.prefab using Guid(f7290beb2d391b149a88714f8cc7766b) Importer(815301076,1909f56bfc062723c751e8b465ee728b)  -> (artifact id: '171c7541f5fd1d90bf1b0714446f80f6') in 0.220707 seconds
  Import took 0.255126 seconds .

========================================================================
Received Import Request.
  Time since last request: 13.222358 seconds.
  path: Assets/Tessellation/Point.prefab
  artifactKey: Guid(f7290beb2d391b149a88714f8cc7766b) Importer(815301076,1909f56bfc062723c751e8b465ee728b)
Start importing Assets/Tessellation/Point.prefab using Guid(f7290beb2d391b149a88714f8cc7766b) Importer(815301076,1909f56bfc062723c751e8b465ee728b)  -> (artifact id: '34153039ef49078663093b73df594220') in 0.023303 seconds
  Import took 0.045766 seconds .

========================================================================
Received Import Request.
  Time since last request: 4.651718 seconds.
  path: Assets/Tessellation/Point.prefab
  artifactKey: Guid(f7290beb2d391b149a88714f8cc7766b) Importer(815301076,1909f56bfc062723c751e8b465ee728b)
Start importing Assets/Tessellation/Point.prefab using Guid(f7290beb2d391b149a88714f8cc7766b) Importer(815301076,1909f56bfc062723c751e8b465ee728b)  -> (artifact id: 'f3749b3393b55e85a010b7b87b5e309c') in 0.024357 seconds
  Import took 0.044300 seconds .

========================================================================
Received Import Request.
  Time since last request: 14.434393 seconds.
  path: Assets/Tessellation/Point.prefab
  artifactKey: Guid(f7290beb2d391b149a88714f8cc7766b) Importer(815301076,1909f56bfc062723c751e8b465ee728b)
Start importing Assets/Tessellation/Point.prefab using Guid(f7290beb2d391b149a88714f8cc7766b) Importer(815301076,1909f56bfc062723c751e8b465ee728b)  -> (artifact id: '9b1e8054edcba360d74d802c38525125') in 0.024968 seconds
  Import took 0.028125 seconds .

========================================================================
Received Import Request.
  Time since last request: 5.757438 seconds.
  path: Assets/Tessellation/Point.prefab
  artifactKey: Guid(f7290beb2d391b149a88714f8cc7766b) Importer(815301076,1909f56bfc062723c751e8b465ee728b)
Start importing Assets/Tessellation/Point.prefab using Guid(f7290beb2d391b149a88714f8cc7766b) Importer(815301076,1909f56bfc062723c751e8b465ee728b)  -> (artifact id: '18c0b243357b75e72915c0e9bf01262f') in 0.018184 seconds
  Import took 0.036905 seconds .

========================================================================
Received Import Request.
  Time since last request: 2.880120 seconds.
  path: Assets/Tessellation/Point.prefab
  artifactKey: Guid(f7290beb2d391b149a88714f8cc7766b) Importer(815301076,1909f56bfc062723c751e8b465ee728b)
Start importing Assets/Tessellation/Point.prefab using Guid(f7290beb2d391b149a88714f8cc7766b) Importer(815301076,1909f56bfc062723c751e8b465ee728b)  -> (artifact id: 'a88a1d8adfdcecf15c9b83b78d54ab9b') in 0.016940 seconds
  Import took 0.065689 seconds .

========================================================================
Received Import Request.
  Time since last request: 1.818905 seconds.
  path: Assets/Tessellation/Point.prefab
  artifactKey: Guid(f7290beb2d391b149a88714f8cc7766b) Importer(815301076,1909f56bfc062723c751e8b465ee728b)
Start importing Assets/Tessellation/Point.prefab using Guid(f7290beb2d391b149a88714f8cc7766b) Importer(815301076,1909f56bfc062723c751e8b465ee728b)  -> (artifact id: '286cca2a5460f7ceca34b8d676970ce7') in 0.033982 seconds
  Import took 0.043909 seconds .

========================================================================
Received Prepare
Registering precompiled user dll's ...
Registered in 0.000754 seconds.
Begin MonoManager ReloadAssembly
Native extension for WindowsStandalone target not found
Refreshing native plugins compatible for Editor in 0.53 ms, found 0 plugins.
Preloading 0 native plugins for Editor in 0.00 ms.
Mono: successfully reloaded assembly
- Completed reload, in  0.919 seconds
Platform modules already initialized, skipping
Refreshing native plugins compatible for Editor in 0.32 ms, found 0 plugins.
Preloading 0 native plugins for Editor in 0.00 ms.
Unloading 1117 Unused Serialized files (Serialized files now loaded: 0)
System memory in use before: 60.8 MB.
System memory in use after: 60.8 MB.

Unloading 5 unused Assets to reduce memory usage. Loaded Objects now: 1646.
Total: 1.889900 ms (FindLiveObjects: 0.135200 ms CreateObjectMapping: 0.048700 ms MarkObjects: 1.645200 ms  DeleteObjects: 0.059400 ms)

========================================================================
Received Import Request.
  Time since last request: 329.972420 seconds.
  path: Assets/Tessellation/Point.prefab
  artifactKey: Guid(f7290beb2d391b149a88714f8cc7766b) Importer(815301076,1909f56bfc062723c751e8b465ee728b)
Start importing Assets/Tessellation/Point.prefab using Guid(f7290beb2d391b149a88714f8cc7766b) Importer(815301076,1909f56bfc062723c751e8b465ee728b)  -> (artifact id: '4f885c5e1eea1971b7c3d369147c501f') in 0.065626 seconds
  Import took 0.115369 seconds .

========================================================================
Received Prepare
Registering precompiled user dll's ...
Registered in 0.000647 seconds.
Begin MonoManager ReloadAssembly
Native extension for WindowsStandalone target not found
Refreshing native plugins compatible for Editor in 0.23 ms, found 0 plugins.
Preloading 0 native plugins for Editor in 0.00 ms.
Mono: successfully reloaded assembly
- Completed reload, in  0.989 seconds
Platform modules already initialized, skipping
Refreshing native plugins compatible for Editor in 0.27 ms, found 0 plugins.
Preloading 0 native plugins for Editor in 0.00 ms.
Unloading 1117 Unused Serialized files (Serialized files now loaded: 0)
System memory in use before: 60.8 MB.
System memory in use after: 60.8 MB.

Unloading 5 unused Assets to reduce memory usage. Loaded Objects now: 1650.
Total: 2.443800 ms (FindLiveObjects: 0.177500 ms CreateObjectMapping: 0.084100 ms MarkObjects: 2.119100 ms  DeleteObjects: 0.062000 ms)

========================================================================
Received Prepare
Registering precompiled user dll's ...
Registered in 0.000787 seconds.
Begin MonoManager ReloadAssembly
Native extension for WindowsStandalone target not found
Refreshing native plugins compatible for Editor in 0.25 ms, found 0 plugins.
Preloading 0 native plugins for Editor in 0.00 ms.
Mono: successfully reloaded assembly
- Completed reload, in  0.886 seconds
Platform modules already initialized, skipping
Refreshing native plugins compatible for Editor in 0.23 ms, found 0 plugins.
Preloading 0 native plugins for Editor in 0.00 ms.
Unloading 1117 Unused Serialized files (Serialized files now loaded: 0)
System memory in use before: 60.8 MB.
System memory in use after: 60.8 MB.

Unloading 5 unused Assets to reduce memory usage. Loaded Objects now: 1653.
Total: 2.005300 ms (FindLiveObjects: 0.146500 ms CreateObjectMapping: 0.064500 ms MarkObjects: 1.735000 ms  DeleteObjects: 0.058200 ms)

========================================================================
Received Prepare
Registering precompiled user dll's ...
Registered in 0.000662 seconds.
Begin MonoManager ReloadAssembly
Native extension for WindowsStandalone target not found
Refreshing native plugins compatible for Editor in 0.24 ms, found 0 plugins.
Preloading 0 native plugins for Editor in 0.00 ms.
Mono: successfully reloaded assembly
- Completed reload, in  0.875 seconds
Platform modules already initialized, skipping
Refreshing native plugins compatible for Editor in 0.23 ms, found 0 plugins.
Preloading 0 native plugins for Editor in 0.00 ms.
Unloading 1117 Unused Serialized files (Serialized files now loaded: 0)
System memory in use before: 60.8 MB.
System memory in use after: 60.8 MB.

Unloading 5 unused Assets to reduce memory usage. Loaded Objects now: 1656.
Total: 2.519400 ms (FindLiveObjects: 0.149700 ms CreateObjectMapping: 0.061800 ms MarkObjects: 2.247800 ms  DeleteObjects: 0.059200 ms)

========================================================================
Received Prepare
Registering precompiled user dll's ...
Registered in 0.000738 seconds.
Begin MonoManager ReloadAssembly
Native extension for WindowsStandalone target not found
Refreshing native plugins compatible for Editor in 0.22 ms, found 0 plugins.
Preloading 0 native plugins for Editor in 0.00 ms.
Mono: successfully reloaded assembly
- Completed reload, in  0.886 seconds
Platform modules already initialized, skipping
Refreshing native plugins compatible for Editor in 0.23 ms, found 0 plugins.
Preloading 0 native plugins for Editor in 0.00 ms.
Unloading 1117 Unused Serialized files (Serialized files now loaded: 0)
System memory in use before: 60.8 MB.
System memory in use after: 60.9 MB.

Unloading 5 unused Assets to reduce memory usage. Loaded Objects now: 1659.
Total: 1.831100 ms (FindLiveObjects: 0.146000 ms CreateObjectMapping: 0.066000 ms MarkObjects: 1.546300 ms  DeleteObjects: 0.072000 ms)

========================================================================
Received Import Request.
  Time since last request: 465.635796 seconds.
  path: Assets/Tessellation/Point.prefab
  artifactKey: Guid(f7290beb2d391b149a88714f8cc7766b) Importer(815301076,1909f56bfc062723c751e8b465ee728b)
Start importing Assets/Tessellation/Point.prefab using Guid(f7290beb2d391b149a88714f8cc7766b) Importer(815301076,1909f56bfc062723c751e8b465ee728b)  -> (artifact id: '0ed5dd6694dc08931ee68769038da492') in 0.059055 seconds
  Import took 0.061194 seconds .

========================================================================
Received Import Request.
  Time since last request: 33.845375 seconds.
  path: Assets/Tessellation/Point.prefab
  artifactKey: Guid(f7290beb2d391b149a88714f8cc7766b) Importer(815301076,1909f56bfc062723c751e8b465ee728b)
Start importing Assets/Tessellation/Point.prefab using Guid(f7290beb2d391b149a88714f8cc7766b) Importer(815301076,1909f56bfc062723c751e8b465ee728b)  -> (artifact id: '33a79a0df8430c746c9be4bafe23a19b') in 0.027326 seconds
  Import took 0.033363 seconds .

========================================================================
Received Import Request.
  Time since last request: 1.364752 seconds.
  path: Assets/Tessellation/Point.prefab
  artifactKey: Guid(f7290beb2d391b149a88714f8cc7766b) Importer(815301076,1909f56bfc062723c751e8b465ee728b)
Start importing Assets/Tessellation/Point.prefab using Guid(f7290beb2d391b149a88714f8cc7766b) Importer(815301076,1909f56bfc062723c751e8b465ee728b)  -> (artifact id: 'dad08719126af83bfca914ba55a270a6') in 0.015141 seconds
  Import took 0.037501 seconds .

========================================================================
Received Import Request.
  Time since last request: 10.352887 seconds.
  path: Assets/Tessellation/Point.prefab
  artifactKey: Guid(f7290beb2d391b149a88714f8cc7766b) Importer(815301076,1909f56bfc062723c751e8b465ee728b)
Start importing Assets/Tessellation/Point.prefab using Guid(f7290beb2d391b149a88714f8cc7766b) Importer(815301076,1909f56bfc062723c751e8b465ee728b)  -> (artifact id: '1996c919f6444fd2f19cdff0b0960d8f') in 0.023933 seconds
  Import took 0.026322 seconds .

========================================================================
Received Import Request.
  Time since last request: 5.164380 seconds.
  path: Assets/Tessellation/Point.prefab
  artifactKey: Guid(f7290beb2d391b149a88714f8cc7766b) Importer(815301076,1909f56bfc062723c751e8b465ee728b)
Start importing Assets/Tessellation/Point.prefab using Guid(f7290beb2d391b149a88714f8cc7766b) Importer(815301076,1909f56bfc062723c751e8b465ee728b)  -> (artifact id: '33ac93b49d65068f976db99ae2363fc6') in 0.024403 seconds
  Import took 0.027554 seconds .

========================================================================
Received Prepare
Registering precompiled user dll's ...
Registered in 0.000834 seconds.
Begin MonoManager ReloadAssembly
Native extension for WindowsStandalone target not found
Refreshing native plugins compatible for Editor in 0.41 ms, found 0 plugins.
Preloading 0 native plugins for Editor in 0.00 ms.
Mono: successfully reloaded assembly
- Completed reload, in  0.948 seconds
Platform modules already initialized, skipping
Refreshing native plugins compatible for Editor in 0.30 ms, found 0 plugins.
Preloading 0 native plugins for Editor in 0.00 ms.
Unloading 1117 Unused Serialized files (Serialized files now loaded: 0)
System memory in use before: 60.8 MB.
System memory in use after: 60.9 MB.

Unloading 5 unused Assets to reduce memory usage. Loaded Objects now: 1663.
Total: 2.435700 ms (FindLiveObjects: 0.162200 ms CreateObjectMapping: 0.067400 ms MarkObjects: 2.154800 ms  DeleteObjects: 0.050000 ms)

========================================================================
Received Prepare
Registering precompiled user dll's ...
Registered in 0.000648 seconds.
Begin MonoManager ReloadAssembly
Native extension for WindowsStandalone target not found
Refreshing native plugins compatible for Editor in 0.24 ms, found 0 plugins.
Preloading 0 native plugins for Editor in 0.00 ms.
Mono: successfully reloaded assembly
- Completed reload, in  0.874 seconds
Platform modules already initialized, skipping
Refreshing native plugins compatible for Editor in 0.24 ms, found 0 plugins.
Preloading 0 native plugins for Editor in 0.00 ms.
Unloading 1117 Unused Serialized files (Serialized files now loaded: 0)
System memory in use before: 60.8 MB.
System memory in use after: 60.9 MB.

Unloading 5 unused Assets to reduce memory usage. Loaded Objects now: 1666.
Total: 2.104600 ms (FindLiveObjects: 0.154200 ms CreateObjectMapping: 0.071200 ms MarkObjects: 1.817900 ms  DeleteObjects: 0.060200 ms)

========================================================================
Received Import Request.
  Time since last request: 332.273401 seconds.
  path: Assets/Tessellation/Point.prefab
  artifactKey: Guid(f7290beb2d391b149a88714f8cc7766b) Importer(815301076,1909f56bfc062723c751e8b465ee728b)
Start importing Assets/Tessellation/Point.prefab using Guid(f7290beb2d391b149a88714f8cc7766b) Importer(815301076,1909f56bfc062723c751e8b465ee728b)  -> (artifact id: '115dd22f2cf371b2d09c542dff569440') in 0.066453 seconds
  Import took 0.097858 seconds .

========================================================================
Received Import Request.
  Time since last request: 5.741096 seconds.
  path: Assets/Tessellation/Point.prefab
  artifactKey: Guid(f7290beb2d391b149a88714f8cc7766b) Importer(815301076,1909f56bfc062723c751e8b465ee728b)
Start importing Assets/Tessellation/Point.prefab using Guid(f7290beb2d391b149a88714f8cc7766b) Importer(815301076,1909f56bfc062723c751e8b465ee728b)  -> (artifact id: '69332368793cccb0c0039e7bd32b7e2b') in 0.022538 seconds
  Import took 0.025366 seconds .

========================================================================
Received Prepare
Registering precompiled user dll's ...
Registered in 0.000782 seconds.
Begin MonoManager ReloadAssembly
Native extension for WindowsStandalone target not found
Refreshing native plugins compatible for Editor in 0.24 ms, found 0 plugins.
Preloading 0 native plugins for Editor in 0.00 ms.
Mono: successfully reloaded assembly
- Completed reload, in  0.960 seconds
Platform modules already initialized, skipping
Refreshing native plugins compatible for Editor in 0.26 ms, found 0 plugins.
Preloading 0 native plugins for Editor in 0.00 ms.
Unloading 1117 Unused Serialized files (Serialized files now loaded: 0)
System memory in use before: 60.8 MB.
System memory in use after: 60.9 MB.

Unloading 5 unused Assets to reduce memory usage. Loaded Objects now: 1670.
Total: 2.098800 ms (FindLiveObjects: 0.187200 ms CreateObjectMapping: 0.084000 ms MarkObjects: 1.749000 ms  DeleteObjects: 0.077500 ms)

========================================================================
Received Prepare
Registering precompiled user dll's ...
Registered in 0.001237 seconds.
Begin MonoManager ReloadAssembly
Native extension for WindowsStandalone target not found
Refreshing native plugins compatible for Editor in 0.29 ms, found 0 plugins.
Preloading 0 native plugins for Editor in 0.00 ms.
Mono: successfully reloaded assembly
- Completed reload, in  0.957 seconds
Platform modules already initialized, skipping
Refreshing native plugins compatible for Editor in 0.26 ms, found 0 plugins.
Preloading 0 native plugins for Editor in 0.00 ms.
Unloading 1117 Unused Serialized files (Serialized files now loaded: 0)
System memory in use before: 60.8 MB.
System memory in use after: 60.9 MB.

Unloading 5 unused Assets to reduce memory usage. Loaded Objects now: 1673.
Total: 2.045600 ms (FindLiveObjects: 0.147100 ms CreateObjectMapping: 0.069800 ms MarkObjects: 1.741600 ms  DeleteObjects: 0.086300 ms)

========================================================================
Received Prepare
Registering precompiled user dll's ...
Registered in 0.000978 seconds.
Begin MonoManager ReloadAssembly
Native extension for WindowsStandalone target not found
Refreshing native plugins compatible for Editor in 0.26 ms, found 0 plugins.
Preloading 0 native plugins for Editor in 0.00 ms.
Mono: successfully reloaded assembly
- Completed reload, in  0.850 seconds
Platform modules already initialized, skipping
Refreshing native plugins compatible for Editor in 0.23 ms, found 0 plugins.
Preloading 0 native plugins for Editor in 0.00 ms.
Unloading 1117 Unused Serialized files (Serialized files now loaded: 0)
System memory in use before: 60.8 MB.
System memory in use after: 60.9 MB.

Unloading 5 unused Assets to reduce memory usage. Loaded Objects now: 1676.
Total: 1.820400 ms (FindLiveObjects: 0.150500 ms CreateObjectMapping: 0.036500 ms MarkObjects: 1.578200 ms  DeleteObjects: 0.054200 ms)

========================================================================
Received Prepare
Registering precompiled user dll's ...
Registered in 0.000710 seconds.
Begin MonoManager ReloadAssembly
Native extension for WindowsStandalone target not found
Refreshing native plugins compatible for Editor in 0.24 ms, found 0 plugins.
Preloading 0 native plugins for Editor in 0.00 ms.
Mono: successfully reloaded assembly
- Completed reload, in  0.862 seconds
Platform modules already initialized, skipping
Refreshing native plugins compatible for Editor in 0.25 ms, found 0 plugins.
Preloading 0 native plugins for Editor in 0.00 ms.
Unloading 1117 Unused Serialized files (Serialized files now loaded: 0)
System memory in use before: 60.8 MB.
System memory in use after: 60.9 MB.

Unloading 5 unused Assets to reduce memory usage. Loaded Objects now: 1679.
Total: 1.674000 ms (FindLiveObjects: 0.142100 ms CreateObjectMapping: 0.036400 ms MarkObjects: 1.439300 ms  DeleteObjects: 0.055000 ms)

========================================================================
Received Prepare
Registering precompiled user dll's ...
Registered in 0.000624 seconds.
Begin MonoManager ReloadAssembly
Native extension for WindowsStandalone target not found
Refreshing native plugins compatible for Editor in 0.22 ms, found 0 plugins.
Preloading 0 native plugins for Editor in 0.00 ms.
Mono: successfully reloaded assembly
- Completed reload, in  0.838 seconds
Platform modules already initialized, skipping
Refreshing native plugins compatible for Editor in 0.24 ms, found 0 plugins.
Preloading 0 native plugins for Editor in 0.00 ms.
Unloading 1117 Unused Serialized files (Serialized files now loaded: 0)
System memory in use before: 60.8 MB.
System memory in use after: 60.9 MB.

Unloading 5 unused Assets to reduce memory usage. Loaded Objects now: 1682.
Total: 1.933700 ms (FindLiveObjects: 0.202400 ms CreateObjectMapping: 0.037400 ms MarkObjects: 1.625900 ms  DeleteObjects: 0.066900 ms)

========================================================================
Received Prepare
Registering precompiled user dll's ...
Registered in 0.000631 seconds.
Begin MonoManager ReloadAssembly
Native extension for WindowsStandalone target not found
Refreshing native plugins compatible for Editor in 0.26 ms, found 0 plugins.
Preloading 0 native plugins for Editor in 0.00 ms.
Mono: successfully reloaded assembly
- Completed reload, in  0.864 seconds
Platform modules already initialized, skipping
Refreshing native plugins compatible for Editor in 0.23 ms, found 0 plugins.
Preloading 0 native plugins for Editor in 0.00 ms.
Unloading 1117 Unused Serialized files (Serialized files now loaded: 0)
System memory in use before: 60.9 MB.
System memory in use after: 60.9 MB.

Unloading 5 unused Assets to reduce memory usage. Loaded Objects now: 1685.
Total: 1.987300 ms (FindLiveObjects: 0.175200 ms CreateObjectMapping: 0.084000 ms MarkObjects: 1.669800 ms  DeleteObjects: 0.057400 ms)

========================================================================
Received Prepare
Registering precompiled user dll's ...
Registered in 0.000691 seconds.
Begin MonoManager ReloadAssembly
Native extension for WindowsStandalone target not found
Refreshing native plugins compatible for Editor in 0.22 ms, found 0 plugins.
Preloading 0 native plugins for Editor in 0.00 ms.
Mono: successfully reloaded assembly
- Completed reload, in  0.829 seconds
Platform modules already initialized, skipping
Refreshing native plugins compatible for Editor in 0.24 ms, found 0 plugins.
Preloading 0 native plugins for Editor in 0.00 ms.
Unloading 1117 Unused Serialized files (Serialized files now loaded: 0)
System memory in use before: 60.9 MB.
System memory in use after: 60.9 MB.

Unloading 5 unused Assets to reduce memory usage. Loaded Objects now: 1688.
Total: 2.217000 ms (FindLiveObjects: 0.153500 ms CreateObjectMapping: 0.060000 ms MarkObjects: 1.943400 ms  DeleteObjects: 0.059100 ms)

